[15:12:11] [main/INFO]: Environment: authHost='https://authserver.mojang.com', accountsHost='https://api.mojang.com', sessionHost='https://sessionserver.mojang.com', servicesHost='https://api.minecraftservices.com', name='PROD'
[15:12:13] [main/INFO]: Found new data pack file/bukkit, loading it automatically
[15:12:16] [main/INFO]: Reloading ResourceManager: Default, bukkit
[15:12:20] [Worker-Main-1/INFO]: Loaded 7 recipes
[15:12:29] [Server thread/INFO]: Starting minecraft server version 1.16.5
[15:12:29] [Server thread/INFO]: Loading properties
[15:12:29] [Server thread/INFO]: This server is running Paper version git-Paper-574 (MC: 1.16.5) (Implementing API version 1.16.5-R0.1-SNAPSHOT)
[15:12:30] [Server thread/INFO]: Debug logging is disabled
[15:12:30] [Server thread/INFO]: Server Ping Player Sample Count: 12
[15:12:30] [Server thread/INFO]: Using 4 threads for Netty based IO
[15:12:30] [Server thread/INFO]: Default game type: SURVIVAL
[15:12:30] [Server thread/INFO]: Generating keypair
[15:12:31] [Server thread/INFO]: Starting Minecraft server on *:25565
[15:12:32] [Server thread/INFO]: Using epoll channel type
[15:12:33] [Server thread/INFO]: Preparing level "world"
[15:12:56] [Server thread/WARN]: Unable to find spawn biome
[15:13:01] [Server thread/WARN]: Unable to find spawn biome
[15:13:06] [Server thread/INFO]: Preparing start region for dimension minecraft:overworld
[15:13:11] [Server thread/INFO]: Loaded 0 spawn chunks for world world
[15:13:11] [Worker-Main-1/INFO]: Preparing spawn area: 0%
[15:13:11] [Worker-Main-1/INFO]: Preparing spawn area: 0%
[15:13:11] [Worker-Main-1/INFO]: Preparing spawn area: 0%
[15:13:11] [Worker-Main-1/INFO]: Preparing spawn area: 0%
[15:13:11] [Worker-Main-1/INFO]: Preparing spawn area: 0%
[15:13:11] [Worker-Main-1/INFO]: Preparing spawn area: 0%
[15:13:11] [Worker-Main-1/INFO]: Preparing spawn area: 0%
[15:13:11] [Worker-Main-1/INFO]: Preparing spawn area: 0%
[15:13:11] [Worker-Main-1/INFO]: Preparing spawn area: 0%
[15:13:11] [Worker-Main-1/INFO]: Preparing spawn area: 0%
[15:13:11] [Worker-Main-1/INFO]: Preparing spawn area: 0%
[15:13:12] [Worker-Main-1/INFO]: Preparing spawn area: 0%
[15:13:12] [Worker-Main-1/INFO]: Preparing spawn area: 0%
[15:13:12] [Server thread/INFO]: Time elapsed: 6093 ms
[15:13:12] [Server thread/INFO]: Preparing start region for dimension minecraft:the_nether
[15:13:19] [Server thread/INFO]: Loaded 0 spawn chunks for world world_nether
[15:13:20] [Server thread/INFO]: Time elapsed: 7945 ms
[15:13:20] [Server thread/INFO]: Preparing start region for dimension minecraft:the_end
[15:13:28] [Server thread/INFO]: Loaded 0 spawn chunks for world world_the_end
[15:13:28] [Server thread/INFO]: Time elapsed: 7838 ms
[15:13:28] [Server thread/INFO]: Starting remote control listener
[15:13:28] [Server thread/INFO]: Thread RCON Listener started
[15:13:28] [Server thread/INFO]: RCON running on 0.0.0.0:25575
[15:13:28] [Server thread/INFO]: Running delayed init tasks
[15:13:28] [Server thread/INFO]: Done (59.760s)! For help, type "help"
[15:13:28] [Server thread/INFO]: Timings Reset
